<?xml version="1.0" encoding="UTF-8" standalone="no"?>
<testsuite errors="0" failures="0" name="io.cucumber.core.plugin.JUnitFormatter" skipped="0" tests="1" time="7.572">
    <testcase classname="User Story1 – As a Librarian, I should be able to manage Users:" name="User should be able to click on Add User button and add user" time="7.227">
        <system-out>
            <![CDATA[Given user on the login page................................................passed
And user logs in as a "librarian"...........................................passed
Given librarian user click on User button on the header.....................passed
And librarian user clicks on add user button................................passed
Then librarian will add a new user and save it..............................passed
]]>
        </system-out>
    </testcase>
</testsuite>
